{"/Users/gameweld/classes/Analysis/analysis.js":{"path":"/Users/gameweld/classes/Analysis/analysis.js","s":{"1":1,"2":1,"3":1,"4":1,"5":1,"6":1,"7":1,"8":1,"9":1,"10":1,"11":1,"12":1,"13":1,"14":1,"15":1,"16":1,"17":1,"18":1,"19":1,"20":1,"21":1,"22":1,"23":1,"24":4803,"25":6,"26":6,"27":1,"28":4803,"29":4803,"30":4803,"31":12314,"32":12314,"33":12314,"34":4802,"35":1,"36":0,"37":0,"38":0,"39":0,"40":0,"41":0,"42":0,"43":1,"44":6,"45":6,"46":0,"47":1,"48":1,"49":7,"50":7,"51":17,"52":1},"b":{"1":[1,0],"2":[6,4797],"3":[12314,0],"4":[4802,7512],"5":[12314,4835],"6":[0,0],"7":[0,0],"8":[0,0],"9":[0,0],"10":[6,0],"11":[1,0],"12":[17,0]},"f":{"1":1,"2":1,"3":1,"4":1,"5":1,"6":4803,"7":4803,"8":0,"9":6,"10":7,"11":17},"fnMap":{"1":{"name":"main","line":6,"loc":{"start":{"line":6,"column":0},"end":{"line":7,"column":0}}},"2":{"name":"dynamic","line":23,"loc":{"start":{"line":23,"column":0},"end":{"line":24,"column":0}}},"3":{"name":"(anonymous_3)","line":27,"loc":{"start":{"line":27,"column":22},"end":{"line":27,"column":43}}},"4":{"name":"(anonymous_4)","line":44,"loc":{"start":{"line":44,"column":10},"end":{"line":45,"column":1}}},"5":{"name":"complexity","line":58,"loc":{"start":{"line":58,"column":0},"end":{"line":59,"column":0}}},"6":{"name":"(anonymous_6)","line":63,"loc":{"start":{"line":63,"column":18},"end":{"line":64,"column":1}}},"7":{"name":"traverse","line":76,"loc":{"start":{"line":76,"column":0},"end":{"line":77,"column":0}}},"8":{"name":"traverseWithCancel","line":91,"loc":{"start":{"line":91,"column":0},"end":{"line":92,"column":0}}},"9":{"name":"functionName","line":108,"loc":{"start":{"line":108,"column":0},"end":{"line":109,"column":0}}},"10":{"name":"(anonymous_10)","line":119,"loc":{"start":{"line":119,"column":28},"end":{"line":119,"column":39}}},"11":{"name":"(anonymous_11)","line":121,"loc":{"start":{"line":121,"column":36},"end":{"line":121,"column":60}}}},"statementMap":{"1":{"start":{"line":1,"column":0},"end":{"line":1,"column":33}},"2":{"start":{"line":2,"column":0},"end":{"line":2,"column":69}},"3":{"start":{"line":3,"column":0},"end":{"line":3,"column":23}},"4":{"start":{"line":4,"column":0},"end":{"line":4,"column":35}},"5":{"start":{"line":6,"column":0},"end":{"line":21,"column":1}},"6":{"start":{"line":8,"column":1},"end":{"line":8,"column":34}},"7":{"start":{"line":10,"column":1},"end":{"line":13,"column":2}},"8":{"start":{"line":12,"column":2},"end":{"line":12,"column":25}},"9":{"start":{"line":14,"column":1},"end":{"line":14,"column":24}},"10":{"start":{"line":16,"column":1},"end":{"line":16,"column":22}},"11":{"start":{"line":17,"column":1},"end":{"line":17,"column":28}},"12":{"start":{"line":19,"column":1},"end":{"line":19,"column":19}},"13":{"start":{"line":23,"column":0},"end":{"line":30,"column":1}},"14":{"start":{"line":25,"column":1},"end":{"line":25,"column":58}},"15":{"start":{"line":26,"column":1},"end":{"line":26,"column":45}},"16":{"start":{"line":27,"column":1},"end":{"line":29,"column":4}},"17":{"start":{"line":28,"column":2},"end":{"line":28,"column":20}},"18":{"start":{"line":32,"column":0},"end":{"line":56,"column":2}},"19":{"start":{"line":46,"column":2},"end":{"line":54,"column":4}},"20":{"start":{"line":58,"column":0},"end":{"line":74,"column":1}},"21":{"start":{"line":60,"column":1},"end":{"line":60,"column":45}},"22":{"start":{"line":61,"column":1},"end":{"line":61,"column":42}},"23":{"start":{"line":63,"column":1},"end":{"line":72,"column":4}},"24":{"start":{"line":65,"column":2},"end":{"line":71,"column":3}},"25":{"start":{"line":67,"column":3},"end":{"line":68,"column":25}},"26":{"start":{"line":70,"column":3},"end":{"line":70,"column":33}},"27":{"start":{"line":76,"column":0},"end":{"line":89,"column":1}},"28":{"start":{"line":78,"column":4},"end":{"line":78,"column":19}},"29":{"start":{"line":80,"column":4},"end":{"line":80,"column":31}},"30":{"start":{"line":81,"column":4},"end":{"line":88,"column":5}},"31":{"start":{"line":82,"column":8},"end":{"line":87,"column":9}},"32":{"start":{"line":83,"column":12},"end":{"line":83,"column":32}},"33":{"start":{"line":84,"column":12},"end":{"line":86,"column":13}},"34":{"start":{"line":85,"column":16},"end":{"line":85,"column":41}},"35":{"start":{"line":91,"column":0},"end":{"line":106,"column":1}},"36":{"start":{"line":93,"column":4},"end":{"line":93,"column":19}},"37":{"start":{"line":95,"column":4},"end":{"line":105,"column":4}},"38":{"start":{"line":97,"column":5},"end":{"line":104,"column":6}},"39":{"start":{"line":98,"column":9},"end":{"line":103,"column":10}},"40":{"start":{"line":99,"column":13},"end":{"line":99,"column":33}},"41":{"start":{"line":100,"column":13},"end":{"line":102,"column":14}},"42":{"start":{"line":101,"column":17},"end":{"line":101,"column":52}},"43":{"start":{"line":108,"column":0},"end":{"line":115,"column":1}},"44":{"start":{"line":110,"column":1},"end":{"line":113,"column":2}},"45":{"start":{"line":112,"column":2},"end":{"line":112,"column":22}},"46":{"start":{"line":114,"column":1},"end":{"line":114,"column":11}},"47":{"start":{"line":118,"column":0},"end":{"line":128,"column":1}},"48":{"start":{"line":119,"column":2},"end":{"line":127,"column":4}},"49":{"start":{"line":120,"column":4},"end":{"line":120,"column":25}},"50":{"start":{"line":121,"column":4},"end":{"line":126,"column":7}},"51":{"start":{"line":122,"column":6},"end":{"line":125,"column":7}},"52":{"start":{"line":130,"column":0},"end":{"line":130,"column":7}}},"branchMap":{"1":{"line":10,"type":"if","locations":[{"start":{"line":10,"column":1},"end":{"line":10,"column":1}},{"start":{"line":10,"column":1},"end":{"line":10,"column":1}}]},"2":{"line":65,"type":"if","locations":[{"start":{"line":65,"column":2},"end":{"line":65,"column":2}},{"start":{"line":65,"column":2},"end":{"line":65,"column":2}}]},"3":{"line":82,"type":"if","locations":[{"start":{"line":82,"column":8},"end":{"line":82,"column":8}},{"start":{"line":82,"column":8},"end":{"line":82,"column":8}}]},"4":{"line":84,"type":"if","locations":[{"start":{"line":84,"column":12},"end":{"line":84,"column":12}},{"start":{"line":84,"column":12},"end":{"line":84,"column":12}}]},"5":{"line":84,"type":"binary-expr","locations":[{"start":{"line":84,"column":16},"end":{"line":84,"column":41}},{"start":{"line":84,"column":45},"end":{"line":84,"column":59}}]},"6":{"line":95,"type":"if","locations":[{"start":{"line":95,"column":4},"end":{"line":95,"column":4}},{"start":{"line":95,"column":4},"end":{"line":95,"column":4}}]},"7":{"line":98,"type":"if","locations":[{"start":{"line":98,"column":9},"end":{"line":98,"column":9}},{"start":{"line":98,"column":9},"end":{"line":98,"column":9}}]},"8":{"line":100,"type":"if","locations":[{"start":{"line":100,"column":13},"end":{"line":100,"column":13}},{"start":{"line":100,"column":13},"end":{"line":100,"column":13}}]},"9":{"line":100,"type":"binary-expr","locations":[{"start":{"line":100,"column":17},"end":{"line":100,"column":42}},{"start":{"line":100,"column":46},"end":{"line":100,"column":60}}]},"10":{"line":110,"type":"if","locations":[{"start":{"line":110,"column":1},"end":{"line":110,"column":1}},{"start":{"line":110,"column":1},"end":{"line":110,"column":1}}]},"11":{"line":118,"type":"if","locations":[{"start":{"line":118,"column":0},"end":{"line":118,"column":0}},{"start":{"line":118,"column":0},"end":{"line":118,"column":0}}]},"12":{"line":122,"type":"cond-expr","locations":[{"start":{"line":123,"column":10},"end":{"line":123,"column":22}},{"start":{"line":124,"column":10},"end":{"line":124,"column":15}}]}}}}