TN:
SF:/Users/gameweld/classes/Analysis/analysis.js
FN:6,main
FN:23,dynamic
FN:27,(anonymous_3)
FN:44,(anonymous_4)
FN:58,complexity
FN:63,(anonymous_6)
FN:76,traverse
FN:91,traverseWithCancel
FN:108,functionName
FN:119,(anonymous_10)
FN:121,(anonymous_11)
FNF:11
FNH:10
FNDA:1,main
FNDA:1,dynamic
FNDA:1,(anonymous_3)
FNDA:1,(anonymous_4)
FNDA:1,complexity
FNDA:4803,(anonymous_6)
FNDA:4803,traverse
FNDA:0,traverseWithCancel
FNDA:6,functionName
FNDA:7,(anonymous_10)
FNDA:17,(anonymous_11)
DA:1,1
DA:2,1
DA:3,1
DA:4,1
DA:6,1
DA:8,1
DA:10,1
DA:12,1
DA:14,1
DA:16,1
DA:17,1
DA:19,1
DA:23,1
DA:25,1
DA:26,1
DA:27,1
DA:28,1
DA:32,1
DA:46,1
DA:58,1
DA:60,1
DA:61,1
DA:63,1
DA:65,4803
DA:67,6
DA:70,6
DA:76,1
DA:78,4803
DA:80,4803
DA:81,4803
DA:82,12314
DA:83,12314
DA:84,12314
DA:85,4802
DA:91,1
DA:93,0
DA:95,0
DA:97,0
DA:98,0
DA:99,0
DA:100,0
DA:101,0
DA:108,1
DA:110,6
DA:112,6
DA:114,0
DA:118,1
DA:119,1
DA:120,7
DA:121,7
DA:122,17
DA:130,1
LF:52
LH:44
BRDA:10,1,0,1
BRDA:10,1,1,0
BRDA:65,2,0,6
BRDA:65,2,1,4797
BRDA:82,3,0,12314
BRDA:82,3,1,0
BRDA:84,4,0,4802
BRDA:84,4,1,7512
BRDA:84,5,0,12314
BRDA:84,5,1,4835
BRDA:95,6,0,0
BRDA:95,6,1,0
BRDA:98,7,0,0
BRDA:98,7,1,0
BRDA:100,8,0,0
BRDA:100,8,1,0
BRDA:100,9,0,0
BRDA:100,9,1,0
BRDA:110,10,0,6
BRDA:110,10,1,0
BRDA:118,11,0,1
BRDA:118,11,1,0
BRDA:122,12,0,17
BRDA:122,12,1,0
BRF:24
BRH:11
end_of_record
